=====================================
Script run  at: Fri Mar 20 05:34:05 PM UTC 2026
Disk Usage: Filesystem      Size  Used Avail Use% Mounted on
overlay          95G   55G   40G  58% /
=====================================
=====================================
Script run  at: Sat Mar 21 06:52:40 AM UTC 2026
Disk Usage: Filesystem      Size  Used Avail Use% Mounted on
overlay          95G   52G   43G  55% /
=====================================
=====================================
Script run  at: Sat Mar 21 07:07:56 AM UTC 2026
Disk Usage: Filesystem      Size  Used Avail Use% Mounted on
overlay          95G   52G   43G  55% /
=====================================
=====================================
Script run  at: Sat Mar 21 07:08:01 AM UTC 2026
Disk Usage: Filesystem      Size  Used Avail Use% Mounted on
overlay          95G   52G   43G  55% /
=====================================
=====================================
Script run  at: Sat Mar 21 07:09:01 AM UTC 2026
Disk Usage: Filesystem      Size  Used Avail Use% Mounted on
overlay          95G   52G   43G  55% /
=====================================
=====================================
Script run  at: Sat Mar 21 07:10:01 AM UTC 2026
Disk Usage: Filesystem      Size  Used Avail Use% Mounted on
overlay          95G   52G   43G  55% /
=====================================
